Analysis & Synthesis report for Pipeline
Thu Dec 07 23:05:49 2017
Quartus II 64-Bit Version 13.0.1 Build 232 06/12/2013 Service Pack 1 SJ Web Edition


---------------------
; Table of Contents ;
---------------------
  1. Legal Notice
  2. Analysis & Synthesis Summary
  3. Analysis & Synthesis Settings
  4. Parallel Compilation
  5. Analysis & Synthesis Source Files Read
  6. Analysis & Synthesis Resource Usage Summary
  7. Analysis & Synthesis Resource Utilization by Entity
  8. General Register Statistics
  9. Parameter Settings for User Entity Instance: Top-level Entity: |Pipeline
 10. Elapsed Time Per Partition
 11. Analysis & Synthesis Messages



----------------
; Legal Notice ;
----------------
Copyright (C) 1991-2013 Altera Corporation
Your use of Altera Corporation's design tools, logic functions 
and other software and tools, and its AMPP partner logic 
functions, and any output files from any of the foregoing 
(including device programming or simulation files), and any 
associated documentation or information are expressly subject 
to the terms and conditions of the Altera Program License 
Subscription Agreement, Altera MegaCore Function License 
Agreement, or other applicable license agreement, including, 
without limitation, that your use is for the sole purpose of 
programming logic devices manufactured by Altera and sold by 
Altera or its authorized distributors.  Please refer to the 
applicable agreement for further details.



+--------------------------------------------------------------------------------------+
; Analysis & Synthesis Summary                                                         ;
+------------------------------------+-------------------------------------------------+
; Analysis & Synthesis Status        ; Successful - Thu Dec 07 23:05:49 2017           ;
; Quartus II 64-Bit Version          ; 13.0.1 Build 232 06/12/2013 SP 1 SJ Web Edition ;
; Revision Name                      ; Pipeline                                        ;
; Top-level Entity Name              ; pipeline                                        ;
; Family                             ; Cyclone II                                      ;
; Total logic elements               ; 0                                               ;
;     Total combinational functions  ; 0                                               ;
;     Dedicated logic registers      ; 0                                               ;
; Total registers                    ; 0                                               ;
; Total pins                         ; 59                                              ;
; Total virtual pins                 ; 0                                               ;
; Total memory bits                  ; 0                                               ;
; Embedded Multiplier 9-bit elements ; 0                                               ;
; Total PLLs                         ; 0                                               ;
+------------------------------------+-------------------------------------------------+


+----------------------------------------------------------------------------------------------------------------------+
; Analysis & Synthesis Settings                                                                                        ;
+----------------------------------------------------------------------------+--------------------+--------------------+
; Option                                                                     ; Setting            ; Default Value      ;
+----------------------------------------------------------------------------+--------------------+--------------------+
; Top-level entity name                                                      ; Pipeline           ; Pipeline           ;
; Family name                                                                ; Cyclone II         ; Cyclone IV GX      ;
; Use smart compilation                                                      ; Off                ; Off                ;
; Enable parallel Assembler and TimeQuest Timing Analyzer during compilation ; On                 ; On                 ;
; Enable compact report table                                                ; Off                ; Off                ;
; Restructure Multiplexers                                                   ; Auto               ; Auto               ;
; Create Debugging Nodes for IP Cores                                        ; Off                ; Off                ;
; Preserve fewer node names                                                  ; On                 ; On                 ;
; Disable OpenCore Plus hardware evaluation                                  ; Off                ; Off                ;
; Verilog Version                                                            ; Verilog_2001       ; Verilog_2001       ;
; VHDL Version                                                               ; VHDL_1993          ; VHDL_1993          ;
; State Machine Processing                                                   ; Auto               ; Auto               ;
; Safe State Machine                                                         ; Off                ; Off                ;
; Extract Verilog State Machines                                             ; On                 ; On                 ;
; Extract VHDL State Machines                                                ; On                 ; On                 ;
; Ignore Verilog initial constructs                                          ; Off                ; Off                ;
; Iteration limit for constant Verilog loops                                 ; 5000               ; 5000               ;
; Iteration limit for non-constant Verilog loops                             ; 250                ; 250                ;
; Add Pass-Through Logic to Inferred RAMs                                    ; On                 ; On                 ;
; Infer RAMs from Raw Logic                                                  ; On                 ; On                 ;
; Parallel Synthesis                                                         ; On                 ; On                 ;
; DSP Block Balancing                                                        ; Auto               ; Auto               ;
; NOT Gate Push-Back                                                         ; On                 ; On                 ;
; Power-Up Don't Care                                                        ; On                 ; On                 ;
; Remove Redundant Logic Cells                                               ; Off                ; Off                ;
; Remove Duplicate Registers                                                 ; On                 ; On                 ;
; Ignore CARRY Buffers                                                       ; Off                ; Off                ;
; Ignore CASCADE Buffers                                                     ; Off                ; Off                ;
; Ignore GLOBAL Buffers                                                      ; Off                ; Off                ;
; Ignore ROW GLOBAL Buffers                                                  ; Off                ; Off                ;
; Ignore LCELL Buffers                                                       ; Off                ; Off                ;
; Ignore SOFT Buffers                                                        ; On                 ; On                 ;
; Limit AHDL Integers to 32 Bits                                             ; Off                ; Off                ;
; Optimization Technique                                                     ; Balanced           ; Balanced           ;
; Carry Chain Length                                                         ; 70                 ; 70                 ;
; Auto Carry Chains                                                          ; On                 ; On                 ;
; Auto Open-Drain Pins                                                       ; On                 ; On                 ;
; Perform WYSIWYG Primitive Resynthesis                                      ; Off                ; Off                ;
; Auto ROM Replacement                                                       ; On                 ; On                 ;
; Auto RAM Replacement                                                       ; On                 ; On                 ;
; Auto Shift Register Replacement                                            ; Auto               ; Auto               ;
; Allow Shift Register Merging across Hierarchies                            ; Auto               ; Auto               ;
; Auto Clock Enable Replacement                                              ; On                 ; On                 ;
; Strict RAM Replacement                                                     ; Off                ; Off                ;
; Allow Synchronous Control Signals                                          ; On                 ; On                 ;
; Force Use of Synchronous Clear Signals                                     ; Off                ; Off                ;
; Auto RAM to Logic Cell Conversion                                          ; Off                ; Off                ;
; Auto Resource Sharing                                                      ; Off                ; Off                ;
; Allow Any RAM Size For Recognition                                         ; Off                ; Off                ;
; Allow Any ROM Size For Recognition                                         ; Off                ; Off                ;
; Allow Any Shift Register Size For Recognition                              ; Off                ; Off                ;
; Use LogicLock Constraints during Resource Balancing                        ; On                 ; On                 ;
; Ignore translate_off and synthesis_off directives                          ; Off                ; Off                ;
; Timing-Driven Synthesis                                                    ; Off                ; Off                ;
; Report Parameter Settings                                                  ; On                 ; On                 ;
; Report Source Assignments                                                  ; On                 ; On                 ;
; Report Connectivity Checks                                                 ; On                 ; On                 ;
; Ignore Maximum Fan-Out Assignments                                         ; Off                ; Off                ;
; Synchronization Register Chain Length                                      ; 2                  ; 2                  ;
; PowerPlay Power Optimization                                               ; Normal compilation ; Normal compilation ;
; HDL message level                                                          ; Level2             ; Level2             ;
; Suppress Register Optimization Related Messages                            ; Off                ; Off                ;
; Number of Removed Registers Reported in Synthesis Report                   ; 5000               ; 5000               ;
; Number of Swept Nodes Reported in Synthesis Report                         ; 5000               ; 5000               ;
; Number of Inverted Registers Reported in Synthesis Report                  ; 100                ; 100                ;
; Clock MUX Protection                                                       ; On                 ; On                 ;
; Auto Gated Clock Conversion                                                ; Off                ; Off                ;
; Block Design Naming                                                        ; Auto               ; Auto               ;
; SDC constraint protection                                                  ; Off                ; Off                ;
; Synthesis Effort                                                           ; Auto               ; Auto               ;
; Shift Register Replacement - Allow Asynchronous Clear Signal               ; On                 ; On                 ;
; Pre-Mapping Resynthesis Optimization                                       ; Off                ; Off                ;
; Analysis & Synthesis Message Level                                         ; Medium             ; Medium             ;
; Disable Register Merging Across Hierarchies                                ; Auto               ; Auto               ;
; Resource Aware Inference For Block RAM                                     ; On                 ; On                 ;
; Synthesis Seed                                                             ; 1                  ; 1                  ;
+----------------------------------------------------------------------------+--------------------+--------------------+


Parallel compilation was disabled, but you have multiple processors available. Enable parallel compilation to reduce compilation time.
+-------------------------------------+
; Parallel Compilation                ;
+----------------------------+--------+
; Processors                 ; Number ;
+----------------------------+--------+
; Number detected on machine ; 4      ;
; Maximum allowed            ; 1      ;
+----------------------------+--------+


+-------------------------------------------------------------------------------------------------------------------------------------------+
; Analysis & Synthesis Source Files Read                                                                                                    ;
+----------------------------------+-----------------+-----------------+----------------------------------------------------------+---------+
; File Name with User-Entered Path ; Used in Netlist ; File Type       ; File Name with Absolute Path                             ; Library ;
+----------------------------------+-----------------+-----------------+----------------------------------------------------------+---------+
; Pipeline.vhd                     ; yes             ; User VHDL File  ; C:/Users/bjpra/OneDrive/Documentos/pipeline/Pipeline.vhd ;         ;
+----------------------------------+-----------------+-----------------+----------------------------------------------------------+---------+


+-----------------------------------------------------+
; Analysis & Synthesis Resource Usage Summary         ;
+---------------------------------------------+-------+
; Resource                                    ; Usage ;
+---------------------------------------------+-------+
;                                             ;       ;
; Total combinational functions               ; 0     ;
; Logic element usage by number of LUT inputs ;       ;
;     -- 4 input functions                    ; 0     ;
;     -- 3 input functions                    ; 0     ;
;     -- <=2 input functions                  ; 0     ;
;                                             ;       ;
; Logic elements by mode                      ;       ;
;     -- normal mode                          ; 0     ;
;     -- arithmetic mode                      ; 0     ;
;                                             ;       ;
; Total registers                             ; 0     ;
;     -- Dedicated logic registers            ; 0     ;
;     -- I/O registers                        ; 0     ;
;                                             ;       ;
; I/O pins                                    ; 59    ;
; Embedded Multiplier 9-bit elements          ; 0     ;
+---------------------------------------------+-------+


+-----------------------------------------------------------------------------------------------------------------------------------------------------------------------------+
; Analysis & Synthesis Resource Utilization by Entity                                                                                                                         ;
+----------------------------+-------------------+--------------+-------------+--------------+---------+-----------+------+--------------+---------------------+--------------+
; Compilation Hierarchy Node ; LC Combinationals ; LC Registers ; Memory Bits ; DSP Elements ; DSP 9x9 ; DSP 18x18 ; Pins ; Virtual Pins ; Full Hierarchy Name ; Library Name ;
+----------------------------+-------------------+--------------+-------------+--------------+---------+-----------+------+--------------+---------------------+--------------+
; |pipeline                  ; 0 (0)             ; 0 (0)        ; 0           ; 0            ; 0       ; 0         ; 59   ; 0            ; |pipeline           ; work         ;
+----------------------------+-------------------+--------------+-------------+--------------+---------+-----------+------+--------------+---------------------+--------------+
Note: For table entries with two numbers listed, the numbers in parentheses indicate the number of resources of the given type used by the specific entity alone. The numbers listed outside of parentheses indicate the total resources of the given type used by the specific entity and all of its sub-entities in the hierarchy.


+------------------------------------------------------+
; General Register Statistics                          ;
+----------------------------------------------+-------+
; Statistic                                    ; Value ;
+----------------------------------------------+-------+
; Total registers                              ; 0     ;
; Number of registers using Synchronous Clear  ; 0     ;
; Number of registers using Synchronous Load   ; 0     ;
; Number of registers using Asynchronous Clear ; 0     ;
; Number of registers using Asynchronous Load  ; 0     ;
; Number of registers using Clock Enable       ; 0     ;
; Number of registers using Preset             ; 0     ;
+----------------------------------------------+-------+


+--------------------------------------------------------------------------+
; Parameter Settings for User Entity Instance: Top-level Entity: |Pipeline ;
+----------------+-------+-------------------------------------------------+
; Parameter Name ; Value ; Type                                            ;
+----------------+-------+-------------------------------------------------+
; WSIZE          ; 32    ; Signed Integer                                  ;
+----------------+-------+-------------------------------------------------+
Note: In order to hide this table in the UI and the text report file, please set the "Show Parameter Settings in Synthesis Report" option in "Analysis and Synthesis Settings -> More Settings" to "Off".


+-------------------------------+
; Elapsed Time Per Partition    ;
+----------------+--------------+
; Partition Name ; Elapsed Time ;
+----------------+--------------+
; Top            ; 00:00:01     ;
+----------------+--------------+


+-------------------------------+
; Analysis & Synthesis Messages ;
+-------------------------------+
Info: *******************************************************************
Info: Running Quartus II 64-Bit Analysis & Synthesis
    Info: Version 13.0.1 Build 232 06/12/2013 Service Pack 1 SJ Web Edition
    Info: Processing started: Thu Dec 07 23:05:43 2017
Info: Command: quartus_map --read_settings_files=on --write_settings_files=off pipeline -c Pipeline
Warning (20028): Parallel compilation is not licensed and has been disabled
Info (12021): Found 2 design units, including 1 entities, in source file ula_mips.vhd
    Info (12022): Found design unit 1: ula_mips-rt1
    Info (12023): Found entity 1: ula_mips
Info (12021): Found 2 design units, including 1 entities, in source file somador.vhd
    Info (12022): Found design unit 1: somador-somador_arq
    Info (12023): Found entity 1: somador
Info (12021): Found 2 design units, including 1 entities, in source file pc.vhd
    Info (12022): Found design unit 1: pc-behavioral
    Info (12023): Found entity 1: pc
Info (12021): Found 2 design units, including 1 entities, in source file bregmips.vhd
    Info (12022): Found design unit 1: bregmips-breg_arch
    Info (12023): Found entity 1: bregmips
Info (12021): Found 2 design units, including 1 entities, in source file pipeline.vhd
    Info (12022): Found design unit 1: pipeline-behavior
    Info (12023): Found entity 1: pipeline
Warning (12090): Entity "mux" obtained from "mux.vhd" instead of from Quartus II megafunction library
Info (12021): Found 2 design units, including 1 entities, in source file mux.vhd
    Info (12022): Found design unit 1: mux-behavioral
    Info (12023): Found entity 1: mux
Info (12021): Found 2 design units, including 1 entities, in source file minst.vhd
    Info (12022): Found design unit 1: minst-SYN
    Info (12023): Found entity 1: minst
Info (12021): Found 2 design units, including 1 entities, in source file mdata.vhd
    Info (12022): Found design unit 1: mdata-SYN
    Info (12023): Found entity 1: mdata
Info (12021): Found 2 design units, including 1 entities, in source file controle_ula.vhd
    Info (12022): Found design unit 1: controle_ula-behav
    Info (12023): Found entity 1: controle_ula
Info (12021): Found 2 design units, including 1 entities, in source file controle.vhd
    Info (12022): Found design unit 1: controle-arq_controle
    Info (12023): Found entity 1: controle
Info (12021): Found 2 design units, including 1 entities, in source file sign_extend.vhd
    Info (12022): Found design unit 1: sign_extend-sign_extend_arch
    Info (12023): Found entity 1: sign_extend
Info (12021): Found 2 design units, including 1 entities, in source file if_id.vhd
    Info (12022): Found design unit 1: if_id-behavioral
    Info (12023): Found entity 1: if_id
Info (12021): Found 2 design units, including 1 entities, in source file id_ex.vhd
    Info (12022): Found design unit 1: id_ex-behavioral
    Info (12023): Found entity 1: id_ex
Info (12021): Found 2 design units, including 1 entities, in source file ex_mem.vhd
    Info (12022): Found design unit 1: ex_mem-behavioral
    Info (12023): Found entity 1: ex_mem
Info (12021): Found 2 design units, including 1 entities, in source file mem_wb.vhd
    Info (12022): Found design unit 1: mem_wb-behavioral
    Info (12023): Found entity 1: mem_wb
Info (12021): Found 2 design units, including 1 entities, in source file conversor_7seg.vhd
    Info (12022): Found design unit 1: conversor_7seg-behavior
    Info (12023): Found entity 1: conversor_7seg
Info (12127): Elaborating entity "Pipeline" for the top level hierarchy
Warning (10541): VHDL Signal Declaration warning at Pipeline.vhd(11): used implicit default value for signal "Saida_FPGA_7seg_0" because signal was never assigned a value or an explicit default value. Use of implicit default value may introduce unintended design optimizations.
Warning (10541): VHDL Signal Declaration warning at Pipeline.vhd(12): used implicit default value for signal "Saida_FPGA_7seg_1" because signal was never assigned a value or an explicit default value. Use of implicit default value may introduce unintended design optimizations.
Warning (10541): VHDL Signal Declaration warning at Pipeline.vhd(13): used implicit default value for signal "Saida_FPGA_7seg_2" because signal was never assigned a value or an explicit default value. Use of implicit default value may introduce unintended design optimizations.
Warning (10541): VHDL Signal Declaration warning at Pipeline.vhd(14): used implicit default value for signal "Saida_FPGA_7seg_3" because signal was never assigned a value or an explicit default value. Use of implicit default value may introduce unintended design optimizations.
Warning (10541): VHDL Signal Declaration warning at Pipeline.vhd(15): used implicit default value for signal "Saida_FPGA_7seg_4" because signal was never assigned a value or an explicit default value. Use of implicit default value may introduce unintended design optimizations.
Warning (10541): VHDL Signal Declaration warning at Pipeline.vhd(16): used implicit default value for signal "Saida_FPGA_7seg_5" because signal was never assigned a value or an explicit default value. Use of implicit default value may introduce unintended design optimizations.
Warning (10541): VHDL Signal Declaration warning at Pipeline.vhd(17): used implicit default value for signal "Saida_FPGA_7seg_6" because signal was never assigned a value or an explicit default value. Use of implicit default value may introduce unintended design optimizations.
Warning (10541): VHDL Signal Declaration warning at Pipeline.vhd(18): used implicit default value for signal "Saida_FPGA_7seg_7" because signal was never assigned a value or an explicit default value. Use of implicit default value may introduce unintended design optimizations.
Warning (10036): Verilog HDL or VHDL warning at Pipeline.vhd(181): object "clk_l" assigned a value but never read
Warning (13024): Output pins are stuck at VCC or GND
    Warning (13410): Pin "Saida_FPGA_7seg_0[6]" is stuck at GND
    Warning (13410): Pin "Saida_FPGA_7seg_0[5]" is stuck at GND
    Warning (13410): Pin "Saida_FPGA_7seg_0[4]" is stuck at GND
    Warning (13410): Pin "Saida_FPGA_7seg_0[3]" is stuck at GND
    Warning (13410): Pin "Saida_FPGA_7seg_0[2]" is stuck at GND
    Warning (13410): Pin "Saida_FPGA_7seg_0[1]" is stuck at GND
    Warning (13410): Pin "Saida_FPGA_7seg_0[0]" is stuck at GND
    Warning (13410): Pin "Saida_FPGA_7seg_1[6]" is stuck at GND
    Warning (13410): Pin "Saida_FPGA_7seg_1[5]" is stuck at GND
    Warning (13410): Pin "Saida_FPGA_7seg_1[4]" is stuck at GND
    Warning (13410): Pin "Saida_FPGA_7seg_1[3]" is stuck at GND
    Warning (13410): Pin "Saida_FPGA_7seg_1[2]" is stuck at GND
    Warning (13410): Pin "Saida_FPGA_7seg_1[1]" is stuck at GND
    Warning (13410): Pin "Saida_FPGA_7seg_1[0]" is stuck at GND
    Warning (13410): Pin "Saida_FPGA_7seg_2[6]" is stuck at GND
    Warning (13410): Pin "Saida_FPGA_7seg_2[5]" is stuck at GND
    Warning (13410): Pin "Saida_FPGA_7seg_2[4]" is stuck at GND
    Warning (13410): Pin "Saida_FPGA_7seg_2[3]" is stuck at GND
    Warning (13410): Pin "Saida_FPGA_7seg_2[2]" is stuck at GND
    Warning (13410): Pin "Saida_FPGA_7seg_2[1]" is stuck at GND
    Warning (13410): Pin "Saida_FPGA_7seg_2[0]" is stuck at GND
    Warning (13410): Pin "Saida_FPGA_7seg_3[6]" is stuck at GND
    Warning (13410): Pin "Saida_FPGA_7seg_3[5]" is stuck at GND
    Warning (13410): Pin "Saida_FPGA_7seg_3[4]" is stuck at GND
    Warning (13410): Pin "Saida_FPGA_7seg_3[3]" is stuck at GND
    Warning (13410): Pin "Saida_FPGA_7seg_3[2]" is stuck at GND
    Warning (13410): Pin "Saida_FPGA_7seg_3[1]" is stuck at GND
    Warning (13410): Pin "Saida_FPGA_7seg_3[0]" is stuck at GND
    Warning (13410): Pin "Saida_FPGA_7seg_4[6]" is stuck at GND
    Warning (13410): Pin "Saida_FPGA_7seg_4[5]" is stuck at GND
    Warning (13410): Pin "Saida_FPGA_7seg_4[4]" is stuck at GND
    Warning (13410): Pin "Saida_FPGA_7seg_4[3]" is stuck at GND
    Warning (13410): Pin "Saida_FPGA_7seg_4[2]" is stuck at GND
    Warning (13410): Pin "Saida_FPGA_7seg_4[1]" is stuck at GND
    Warning (13410): Pin "Saida_FPGA_7seg_4[0]" is stuck at GND
    Warning (13410): Pin "Saida_FPGA_7seg_5[6]" is stuck at GND
    Warning (13410): Pin "Saida_FPGA_7seg_5[5]" is stuck at GND
    Warning (13410): Pin "Saida_FPGA_7seg_5[4]" is stuck at GND
    Warning (13410): Pin "Saida_FPGA_7seg_5[3]" is stuck at GND
    Warning (13410): Pin "Saida_FPGA_7seg_5[2]" is stuck at GND
    Warning (13410): Pin "Saida_FPGA_7seg_5[1]" is stuck at GND
    Warning (13410): Pin "Saida_FPGA_7seg_5[0]" is stuck at GND
    Warning (13410): Pin "Saida_FPGA_7seg_6[6]" is stuck at GND
    Warning (13410): Pin "Saida_FPGA_7seg_6[5]" is stuck at GND
    Warning (13410): Pin "Saida_FPGA_7seg_6[4]" is stuck at GND
    Warning (13410): Pin "Saida_FPGA_7seg_6[3]" is stuck at GND
    Warning (13410): Pin "Saida_FPGA_7seg_6[2]" is stuck at GND
    Warning (13410): Pin "Saida_FPGA_7seg_6[1]" is stuck at GND
    Warning (13410): Pin "Saida_FPGA_7seg_6[0]" is stuck at GND
    Warning (13410): Pin "Saida_FPGA_7seg_7[6]" is stuck at GND
    Warning (13410): Pin "Saida_FPGA_7seg_7[5]" is stuck at GND
    Warning (13410): Pin "Saida_FPGA_7seg_7[4]" is stuck at GND
    Warning (13410): Pin "Saida_FPGA_7seg_7[3]" is stuck at GND
    Warning (13410): Pin "Saida_FPGA_7seg_7[2]" is stuck at GND
    Warning (13410): Pin "Saida_FPGA_7seg_7[1]" is stuck at GND
    Warning (13410): Pin "Saida_FPGA_7seg_7[0]" is stuck at GND
Info (16010): Generating hard_block partition "hard_block:auto_generated_inst"
    Info (16011): Adding 0 node(s), including 0 DDIO, 0 PLL, 0 transceiver and 0 LCELL
Warning (21074): Design contains 3 input pin(s) that do not drive logic
    Warning (15610): No output dependent on input pin "clock"
    Warning (15610): No output dependent on input pin "Sel_Saida_FPGA[0]"
    Warning (15610): No output dependent on input pin "Sel_Saida_FPGA[1]"
Info (21057): Implemented 59 device resources after synthesis - the final resource count might be different
    Info (21058): Implemented 3 input pins
    Info (21059): Implemented 56 output pins
Info: Quartus II 64-Bit Analysis & Synthesis was successful. 0 errors, 72 warnings
    Info: Peak virtual memory: 516 megabytes
    Info: Processing ended: Thu Dec 07 23:05:49 2017
    Info: Elapsed time: 00:00:06
    Info: Total CPU time (on all processors): 00:00:02


